Automated daily activity recorded at Sun Mar  1 14:48:25 UTC 2026
Automated daily activity recorded at Mon Mar  2 15:09:31 UTC 2026
Automated daily activity recorded at Tue Mar  3 15:10:04 UTC 2026
Automated daily activity recorded at Wed Mar  4 15:02:12 UTC 2026
Automated daily activity recorded at Thu Mar  5 15:10:31 UTC 2026
Automated daily activity recorded at Fri Mar  6 15:02:13 UTC 2026
Automated daily activity recorded at Sat Mar  7 14:46:40 UTC 2026
Automated daily activity recorded at Sun Mar  8 14:47:37 UTC 2026
Automated daily activity recorded at Mon Mar  9 15:15:23 UTC 2026
Automated daily activity recorded at Tue Mar 10 15:14:23 UTC 2026
Automated daily activity recorded at Wed Mar 11 15:10:33 UTC 2026
Automated daily activity recorded at Thu Mar 12 15:13:42 UTC 2026
Automated daily activity recorded at Fri Mar 13 15:07:03 UTC 2026
Automated daily activity recorded at Sat Mar 14 14:51:59 UTC 2026
Automated daily activity recorded at Sun Mar 15 14:53:14 UTC 2026
Automated daily activity recorded at Mon Mar 16 15:37:10 UTC 2026
Automated daily activity recorded at Tue Mar 17 15:35:20 UTC 2026
Automated daily activity recorded at Wed Mar 18 15:45:21 UTC 2026
Automated daily activity recorded at Thu Mar 19 15:10:16 UTC 2026
Automated daily activity recorded at Fri Mar 20 15:09:51 UTC 2026
Automated daily activity recorded at Sat Mar 21 14:50:08 UTC 2026
Automated daily activity recorded at Sun Mar 22 14:51:23 UTC 2026
Automated daily activity recorded at Mon Mar 23 15:33:08 UTC 2026
Automated daily activity recorded at Tue Mar 24 15:38:28 UTC 2026
Automated daily activity recorded at Wed Mar 25 15:41:58 UTC 2026
Automated daily activity recorded at Thu Mar 26 15:48:39 UTC 2026
Automated daily activity recorded at Fri Mar 27 15:13:18 UTC 2026
Automated daily activity recorded at Sat Mar 28 14:55:11 UTC 2026
Automated daily activity recorded at Sun Mar 29 14:58:15 UTC 2026
